0 info it worked if it ends with ok
<<<<<<< HEAD
1 verbose cli [ '/usr/local/bin/node', '/usr/local/bin/npm', 'run', 'start' ]
2 info using npm@3.10.3
3 info using node@v6.5.0
4 verbose stack Error: Failed to parse json
4 verbose stack Unexpected token '<' at 45:1
4 verbose stack <<<<<<< HEAD
4 verbose stack ^
4 verbose stack     at parseError (/usr/local/lib/node_modules/npm/node_modules/read-package-json/read-json.js:390:11)
4 verbose stack     at parseJson (/usr/local/lib/node_modules/npm/node_modules/read-package-json/read-json.js:79:23)
4 verbose stack     at /usr/local/lib/node_modules/npm/node_modules/read-package-json/read-json.js:48:5
4 verbose stack     at /usr/local/lib/node_modules/npm/node_modules/graceful-fs/graceful-fs.js:78:16
4 verbose stack     at tryToString (fs.js:455:3)
4 verbose stack     at FSReqWrap.readFileAfterClose [as oncomplete] (fs.js:442:12)
5 verbose cwd /Users/Jwookie55/Desktop/Codesmith/scratch
6 error Darwin 15.6.0
7 error argv "/usr/local/bin/node" "/usr/local/bin/npm" "run" "start"
8 error node v6.5.0
9 error npm  v3.10.3
10 error file /Users/Jwookie55/Desktop/Codesmith/scratch/package.json
11 error code EJSONPARSE
12 error Failed to parse json
12 error Unexpected token '<' at 45:1
12 error <<<<<<< HEAD
12 error ^
13 error File: /Users/Jwookie55/Desktop/Codesmith/scratch/package.json
14 error Failed to parse package.json data.
14 error package.json must be actual JSON, not just JavaScript.
14 error
14 error This is not a bug in npm.
14 error Tell the package author to fix their package.json file. JSON.parse
15 verbose exit [ 1, true ]
=======
1 verbose cli [ '/usr/local/bin/node', '/usr/local/bin/npm', 'start' ]
2 info using npm@3.10.3
3 info using node@v6.4.0
4 verbose run-script [ 'prestart', 'start', 'poststart' ]
5 info lifecycle real-way@1.0.0~prestart: real-way@1.0.0
6 silly lifecycle real-way@1.0.0~prestart: no script for prestart, continuing
7 info lifecycle real-way@1.0.0~start: real-way@1.0.0
8 verbose lifecycle real-way@1.0.0~start: unsafe-perm in lifecycle true
9 verbose lifecycle real-way@1.0.0~start: PATH: /usr/local/lib/node_modules/npm/bin/node-gyp-bin:/Users/kate/codesmith/DESKLAMP/scratch/node_modules/.bin:/usr/local/bin:/usr/local/heroku/bin:/Users/kate/.rbenv/shims:/Applications/Postgres.app/Contents/Versions/9.4/bin:/User/kate:/usr/local/bin:/usr/bin:/bin:/usr/sbin:/sbin
10 verbose lifecycle real-way@1.0.0~start: CWD: /Users/kate/codesmith/DESKLAMP/scratch
11 silly lifecycle real-way@1.0.0~start: Args: [ '-c', 'webpack-dev-server --hot --inline' ]
12 silly lifecycle real-way@1.0.0~start: Returned: code: 1  signal: null
13 info lifecycle real-way@1.0.0~start: Failed to exec start script
14 verbose stack Error: real-way@1.0.0 start: `webpack-dev-server --hot --inline`
14 verbose stack Exit status 1
14 verbose stack     at EventEmitter.<anonymous> (/usr/local/lib/node_modules/npm/lib/utils/lifecycle.js:242:16)
14 verbose stack     at emitTwo (events.js:106:13)
14 verbose stack     at EventEmitter.emit (events.js:191:7)
14 verbose stack     at ChildProcess.<anonymous> (/usr/local/lib/node_modules/npm/lib/utils/spawn.js:40:14)
14 verbose stack     at emitTwo (events.js:106:13)
14 verbose stack     at ChildProcess.emit (events.js:191:7)
14 verbose stack     at maybeClose (internal/child_process.js:852:16)
14 verbose stack     at Process.ChildProcess._handle.onexit (internal/child_process.js:215:5)
15 verbose pkgid real-way@1.0.0
16 verbose cwd /Users/kate/codesmith/DESKLAMP/scratch
17 error Darwin 15.6.0
18 error argv "/usr/local/bin/node" "/usr/local/bin/npm" "start"
19 error node v6.4.0
20 error npm  v3.10.3
21 error code ELIFECYCLE
22 error real-way@1.0.0 start: `webpack-dev-server --hot --inline`
22 error Exit status 1
23 error Failed at the real-way@1.0.0 start script 'webpack-dev-server --hot --inline'.
23 error Make sure you have the latest version of node.js and npm installed.
23 error If you do, this is most likely a problem with the real-way package,
23 error not with npm itself.
23 error Tell the author that this fails on your system:
23 error     webpack-dev-server --hot --inline
23 error You can get information on how to open an issue for this project with:
23 error     npm bugs real-way
23 error Or if that isn't available, you can get their info via:
23 error     npm owner ls real-way
23 error There is likely additional logging output above.
24 verbose exit [ 1, true ]
>>>>>>> deploy
